[happy_birthday] flutter pub get --no-example
Resolving dependencies...
  collection 1.17.2 (1.18.0 available)
  flutter_lints 2.0.3 (3.0.1 available)
  lints 2.1.1 (3.0.0 available)
  material_color_utilities 0.5.0 (0.8.0 available)
  meta 1.9.1 (1.11.0 available)
  stack_trace 1.11.0 (1.11.1 available)
  stream_channel 2.1.1 (2.1.2 available)
  test_api 0.6.0 (0.6.1 available)
  web 0.1.4-beta (0.3.0 available)
Got dependencies!
exit code 0

--

[happy_birthday] flutter pub get --no-example
Resolving dependencies...
  collection 1.17.2 (1.18.0 available)
  flutter_lints 2.0.3 (3.0.1 available)
  lints 2.1.1 (3.0.0 available)
  material_color_utilities 0.5.0 (0.8.0 available)
  meta 1.9.1 (1.11.0 available)
  stack_trace 1.11.0 (1.11.1 available)
  stream_channel 2.1.1 (2.1.2 available)
  test_api 0.6.0 (0.6.1 available)
  web 0.1.4-beta (0.3.0 available)
Got dependencies!
exit code 0

--

[happy_birthday] flutter pub get --no-example
Resolving dependencies...
  collection 1.17.2 (1.18.0 available)
  flutter_lints 2.0.3 (3.0.1 available)
  lints 2.1.1 (3.0.0 available)
  material_color_utilities 0.5.0 (0.8.0 available)
  meta 1.9.1 (1.11.0 available)
  stack_trace 1.11.0 (1.11.1 available)
  stream_channel 2.1.1 (2.1.2 available)
  test_api 0.6.0 (0.6.1 available)
  web 0.1.4-beta (0.3.0 available)
Got dependencies!
exit code 0

--

[happy_birthday] flutter pub get --no-example
Resolving dependencies...
Error on line 1, column 7 of pubspec.yaml: "name" field must be a valid Dart identifier.
  ╷
1 │ name: happy birthday
  │       ^^^^^^^^^^^^^^
  ╵
exit code 65

--

[happy_birthday] flutter pub get --no-example
Resolving dependencies...
  collection 1.17.2 (1.18.0 available)
  flutter_lints 2.0.3 (3.0.1 available)
  lints 2.1.1 (3.0.0 available)
  material_color_utilities 0.5.0 (0.8.0 available)
  meta 1.9.1 (1.11.0 available)
  stack_trace 1.11.0 (1.11.1 available)
  stream_channel 2.1.1 (2.1.2 available)
  test_api 0.6.0 (0.6.1 available)
  web 0.1.4-beta (0.3.0 available)
Got dependencies!
exit code 0
