2023-11-13 01:02:54.999 [info] Active editor: vscode-userdata:/home/hanasa/.config/Code/User/settings.json
2023-11-13 01:03:07.564 [info] /home/hanasa/.config/Code/User/settings.json closed
2023-11-13 01:03:11.616 [info] Active editor: file:///home/hanasa/AndroidStudioProjects/happy_birthday/lib/main.dart
2023-11-13 01:03:36.684 [info] /home/hanasa/.config/Code/User/settings.json closed
2023-11-13 01:03:40.064 [info] /home/hanasa/.config/Code/User/settings.json closed
2023-11-13 01:03:46.729 [info] /home/hanasa/.config/Code/User/settings.json closed
2023-11-13 01:03:46.759 [info] Configuration changed
2023-11-13 01:03:48.532 [info] /home/hanasa/.config/Code/User/settings.json closed
2023-11-13 01:03:48.559 [info] Configuration changed
2023-11-13 01:03:52.418 [info] /home/hanasa/.config/Code/User/settings.json closed
2023-11-13 01:03:52.451 [info] Configuration changed
2023-11-13 01:03:53.516 [info] /home/hanasa/.config/Code/User/settings.json closed
2023-11-13 01:03:53.544 [info] Configuration changed
2023-11-13 01:03:54.931 [info] /home/hanasa/.config/Code/User/settings.json closed
2023-11-13 01:03:54.952 [info] Configuration changed
2023-11-13 01:03:56.105 [info] /home/hanasa/.config/Code/User/settings.json closed
2023-11-13 01:03:56.127 [info] Configuration changed
2023-11-13 01:04:06.928 [info] Active editor: file:///home/hanasa/AndroidStudioProjects/happy_birthday/lib/main.dart
2023-11-13 01:04:14.174 [info] extension-output-Dart-Code.dart-code-#2-flutter (happy_birthday) closed
2023-11-13 01:04:14.972 [info] Active editor: output:extension-output-Dart-Code.dart-code-%232-flutter%20%28happy_birthday%29
2023-11-13 01:04:15.728 [info] Active editor: file:///home/hanasa/AndroidStudioProjects/happy_birthday/lib/main.dart
2023-11-13 01:04:15.744 [info] extension-output-Dart-Code.dart-code-#2-flutter (happy_birthday) closed
2023-11-13 01:04:21.234 [info] Active editor: output:extension-output-Dart-Code.dart-code-%232-flutter%20%28happy_birthday%29
2023-11-13 01:05:56.101 [info] /settings/user closed
2023-11-13 01:05:56.353 [info] /settings/resourceLanguage closed
2023-11-13 01:05:56.358 [info] /ignoredSettings closed
2023-11-13 01:05:56.583 [info] /launch closed
2023-11-13 01:05:56.587 [info] /token-styling closed
2023-11-13 01:05:56.591 [info] /textmate-colors closed
2023-11-13 01:05:56.706 [info] /workbench-colors closed
