2023-11-13 00:52:22.482 [info] Added views:workbench.panel.markers.view in workbench.panel.markers
2023-11-13 00:52:22.482 [info] Added views:workbench.panel.output in workbench.panel.output
2023-11-13 00:52:22.482 [info] Added views:terminal in terminal
2023-11-13 00:52:22.482 [info] Added views:outline in workbench.view.explorer
2023-11-13 00:52:22.482 [info] Added views:workbench.scm in workbench.view.scm
2023-11-13 00:52:22.482 [info] Added views:workbench.view.search in workbench.view.search
2023-11-13 00:52:22.482 [info] Added views:timeline in workbench.view.explorer
2023-11-13 00:52:22.482 [info] Added views:workbench.explorer.fileView in workbench.view.explorer
2023-11-13 00:52:22.770 [info] Added views:workbench.debug.welcome in workbench.view.debug
2023-11-13 00:52:23.604 [info] Added views:workbench.panel.repl.view in workbench.panel.repl
2023-11-13 00:52:23.895 [info] Added views:workbench.view.testing in workbench.view.extension.test
2023-11-13 00:52:23.964 [info] Added views:dartDependencyTree in workbench.view.explorer
2023-11-13 00:52:23.970 [info] Added views:dartFlutterOutline in workbench.view.extension.flutter
2023-11-13 00:52:25.660 [info] Added views:~remote.forwardedPorts in ~remote.forwardedPortsContainer
2023-11-13 00:53:53.774 [info] Removed views:workbench.view.testing from workbench.view.extension.test
2023-11-13 00:53:54.436 [info] Added views:workbench.panel.markers.view in workbench.panel.markers
2023-11-13 00:53:54.436 [info] Added views:workbench.panel.output in workbench.panel.output
2023-11-13 00:53:54.436 [info] Added views:terminal in terminal
2023-11-13 00:53:54.436 [info] Added views:outline in workbench.view.explorer
2023-11-13 00:53:54.436 [info] Added views:workbench.scm in workbench.view.scm
2023-11-13 00:53:54.436 [info] Added views:workbench.view.search in workbench.view.search
2023-11-13 00:53:54.436 [info] Added views:timeline in workbench.view.explorer
2023-11-13 00:53:54.436 [info] Added views:workbench.explorer.fileView in workbench.view.explorer
2023-11-13 00:53:55.278 [info] Added views:workbench.debug.variablesView,workbench.debug.watchExpressionsView,workbench.debug.callStackView,workbench.debug.breakPointsView in workbench.view.debug
2023-11-13 00:53:55.334 [info] Added views:workbench.panel.repl.view in workbench.panel.repl
2023-11-13 00:53:55.337 [info] Removed views:workbench.debug.breakPointsView,workbench.debug.callStackView,workbench.debug.watchExpressionsView,workbench.debug.variablesView from workbench.view.debug
2023-11-13 00:53:55.338 [info] Added views:workbench.debug.welcome in workbench.view.debug
2023-11-13 00:53:55.812 [info] Added views:~remote.forwardedPorts in ~remote.forwardedPortsContainer
