2023-11-13 01:49:18.996 [info] Configuration changed
2023-11-13 01:49:19.335 [info] Configuration changed
2023-11-13 01:49:20.492 [info] Active editor: file:///home/hanasa/AndroidStudioProjects/happy_birthday/lib/main.dart
2023-11-13 02:29:54.672 [info] Active editor: file:///home/hanasa/AndroidStudioProjects/happy_birthday/lib/main.dart
2023-11-13 02:30:28.871 [info] Active editor: vscode-userdata:/home/hanasa/.config/Code/User/settings.json
2023-11-13 02:31:05.674 [info] Configuration changed
2023-11-13 02:31:10.312 [info] /home/hanasa/.config/Code/User/settings.json closed
2023-11-13 02:31:11.269 [info] Active editor: file:///home/hanasa/AndroidStudioProjects/happy_birthday/lib/main.dart
2023-11-13 02:33:29.649 [info] /settings/user closed
2023-11-13 02:33:30.125 [info] /settings/resourceLanguage closed
2023-11-13 02:33:30.132 [info] /ignoredSettings closed
2023-11-13 02:33:30.290 [info] /launch closed
2023-11-13 02:33:30.324 [info] /token-styling closed
2023-11-13 02:33:30.329 [info] /textmate-colors closed
2023-11-13 02:33:30.354 [info] /workbench-colors closed
2023-11-13 02:41:43.190 [info] /home/hanasa/.config/Code/User/settings.json closed
2023-11-13 02:41:43.249 [info] Configuration changed
2023-11-13 02:41:48.950 [info] Active editor: file:///home/hanasa/AndroidStudioProjects/happy_birthday/lib/main.dart
2023-11-13 02:49:31.089 [info] Active editor: file:///home/hanasa/AndroidStudioProjects/happy_birthday/lib/main.dart
2023-11-13 02:55:04.526 [warning] invalid cursor position. [[29, 36] | [29, 36]].
2023-11-13 02:55:31.498 [warning] invalid cursor position. [[20, 21] | [20, 21]].
2023-11-13 02:55:33.539 [warning] invalid cursor position. [[29, 36] | [29, 36]].
2023-11-13 02:55:33.540 [warning] invalid cursor position. [[29, 36] | [29, 36]].
2023-11-13 02:58:11.161 [info] Active editor: file:///home/hanasa/AndroidStudioProjects/happy_birthday/pubspec.yaml
2023-11-13 02:58:47.223 [info] Active editor: file:///home/hanasa/AndroidStudioProjects/happy_birthday/lib/main.dart
2023-11-13 02:58:50.601 [info] Active editor: file:///home/hanasa/AndroidStudioProjects/happy_birthday/pubspec.yaml
2023-11-13 02:59:31.240 [info] /home/hanasa/AndroidStudioProjects/happy_birthday/pubspec.yaml closed
2023-11-13 02:59:31.258 [info] Active editor: file:///home/hanasa/AndroidStudioProjects/happy_birthday/lib/main.dart
2023-11-13 03:17:41.155 [info] /home/hanasa/flutter/packages/flutter/lib/src/painting/edge_insets.dart closed
2023-11-13 03:17:41.327 [info] /home/hanasa/flutter/packages/flutter/lib/src/painting/edge_insets.dart closed
2023-11-13 04:08:43.508 [info] Active editor: file:///home/hanasa/AndroidStudioProjects/happy_birthday/android/app/src/main/res/drawable/launch_background.xml
2023-11-13 04:08:49.824 [info] /home/hanasa/AndroidStudioProjects/happy_birthday/android/app/src/main/res/drawable/launch_background.xml closed
2023-11-13 04:08:49.835 [info] Active editor: file:///home/hanasa/AndroidStudioProjects/happy_birthday/lib/main.dart
2023-11-13 04:08:51.179 [info] Active editor: file:///home/hanasa/AndroidStudioProjects/happy_birthday/android/app/src/main/res/drawable/launch_background.xml
2023-11-13 04:08:56.693 [info] /home/hanasa/AndroidStudioProjects/happy_birthday/android/app/src/main/res/drawable/launch_background.xml closed
2023-11-13 04:08:56.705 [info] Active editor: file:///home/hanasa/AndroidStudioProjects/happy_birthday/lib/main.dart
2023-11-13 04:22:12.276 [info] Active editor: file:///home/hanasa/AndroidStudioProjects/happy_birthday/pubspec.lock
2023-11-13 04:22:15.195 [info] /home/hanasa/AndroidStudioProjects/happy_birthday/pubspec.lock closed
2023-11-13 04:22:15.233 [info] Active editor: file:///home/hanasa/AndroidStudioProjects/happy_birthday/pubspec.yaml
2023-11-13 04:23:00.323 [info] Active editor: file:///home/hanasa/AndroidStudioProjects/happy_birthday/lib/main.dart
2023-11-13 04:23:01.497 [info] /home/hanasa/AndroidStudioProjects/happy_birthday/pubspec.yaml closed
