2023-11-13 01:08:30.802 [info] Extension host with pid 115252 started
2023-11-13 01:08:30.802 [info] Skipping acquiring lock for /home/hanasa/.config/Code/User/workspaceStorage/ffc62d51455a05abbda71e82ac12f197.
2023-11-13 01:08:31.055 [info] ExtensionService#_doActivateExtension vscode.emmet, startup: false, activationEvent: 'onLanguage'
2023-11-13 01:08:31.056 [info] ExtensionService#_doActivateExtension Dart-Code.dart-code, startup: false, activationEvent: 'onLanguage:dart'
2023-11-13 01:08:32.139 [info] ExtensionService#_doActivateExtension Dart-Code.flutter, startup: false, activationEvent: 'api', root cause: Dart-Code.dart-code
2023-11-13 01:08:32.427 [info] ExtensionService#_doActivateExtension vscode.git-base, startup: true, activationEvent: '*', root cause: vscode.git
2023-11-13 01:08:33.025 [info] ExtensionService#_doActivateExtension vscode.git, startup: true, activationEvent: '*'
2023-11-13 01:08:33.026 [info] ExtensionService#_doActivateExtension vscode.github, startup: true, activationEvent: '*'
2023-11-13 01:08:34.091 [info] Eager extensions activated
2023-11-13 01:08:34.096 [error] [Dart-Code.dart-code] provider FAILED
2023-11-13 01:08:34.096 [error] Error: File is not being analyzed
	at handleResponse (/home/hanasa/.vscode/extensions/dart-code.dart-code-3.76.1/out/dist/extension.js:30088:48)
	at handleMessage (/home/hanasa/.vscode/extensions/dart-code.dart-code-3.76.1/out/dist/extension.js:29868:13)
	at processMessageQueue (/home/hanasa/.vscode/extensions/dart-code.dart-code-3.76.1/out/dist/extension.js:29885:17)
	at Immediate.<anonymous> (/home/hanasa/.vscode/extensions/dart-code.dart-code-3.76.1/out/dist/extension.js:29857:13)
	at process.processImmediate (node:internal/timers:476:21)
2023-11-13 01:08:34.118 [error] [Dart-Code.dart-code] provider FAILED
2023-11-13 01:08:34.118 [error] Error: File is not being analyzed
	at handleResponse (/home/hanasa/.vscode/extensions/dart-code.dart-code-3.76.1/out/dist/extension.js:30088:48)
	at handleMessage (/home/hanasa/.vscode/extensions/dart-code.dart-code-3.76.1/out/dist/extension.js:29868:13)
	at processMessageQueue (/home/hanasa/.vscode/extensions/dart-code.dart-code-3.76.1/out/dist/extension.js:29885:17)
	at Immediate.<anonymous> (/home/hanasa/.vscode/extensions/dart-code.dart-code-3.76.1/out/dist/extension.js:29857:13)
	at process.processImmediate (node:internal/timers:476:21)
2023-11-13 01:08:34.734 [info] ExtensionService#_doActivateExtension vscode.debug-auto-launch, startup: false, activationEvent: 'onStartupFinished'
2023-11-13 01:08:34.737 [info] ExtensionService#_doActivateExtension vscode.merge-conflict, startup: false, activationEvent: 'onStartupFinished'
2023-11-13 01:08:34.740 [info] ExtensionService#_doActivateExtension Catppuccin.catppuccin-vsc, startup: false, activationEvent: 'onStartupFinished'
2023-11-13 01:08:34.747 [info] ExtensionService#_doActivateExtension equinusocio.vsc-material-theme-icons, startup: false, activationEvent: 'onStartupFinished'
2023-11-13 01:08:34.814 [info] ExtensionService#_doActivateExtension unthrottled.doki-theme, startup: false, activationEvent: 'onStartupFinished'
2023-11-13 01:08:34.854 [info] ExtensionService#_doActivateExtension vscodevim.vim, startup: false, activationEvent: 'onStartupFinished'
2023-11-13 01:08:36.755 [error] Error: ENOENT: no such file or directory, open '/home/hanasa/.config/Code/User/globalStorage/vscodevim.vim/.registers'
2023-11-13 01:10:11.181 [info] Extension host terminating: renderer closed the MessagePort
2023-11-13 01:10:11.214 [warning] Canceled
2023-11-13 01:10:11.215 [error] Canceled: Canceled
	at new f (/opt/visual-studio-code/resources/app/out/vs/workbench/api/node/extensionHostProcess.js:125:108614)
	at n.U (/opt/visual-studio-code/resources/app/out/vs/workbench/api/node/extensionHostProcess.js:134:10873)
	at F.<computed>.z.charCodeAt.F.<computed> (/opt/visual-studio-code/resources/app/out/vs/workbench/api/node/extensionHostProcess.js:134:8315)
	at i.g (/opt/visual-studio-code/resources/app/out/vs/workbench/api/node/extensionHostProcess.js:125:139130)
	at i.executeCommand (/opt/visual-studio-code/resources/app/out/vs/workbench/api/node/extensionHostProcess.js:125:138568)
	at $.registerCommand.description (/opt/visual-studio-code/resources/app/out/vs/workbench/api/node/extensionHostProcess.js:125:137892)
	at i.h (/opt/visual-studio-code/resources/app/out/vs/workbench/api/node/extensionHostProcess.js:125:139669)
	at i.g (/opt/visual-studio-code/resources/app/out/vs/workbench/api/node/extensionHostProcess.js:125:138661)
	at i.executeCommand (/opt/visual-studio-code/resources/app/out/vs/workbench/api/node/extensionHostProcess.js:125:138568)
	at Object.executeCommand (/opt/visual-studio-code/resources/app/out/vs/workbench/api/node/extensionHostProcess.js:140:21329)
	at setCommandVisiblity (/home/hanasa/.vscode/extensions/dart-code.dart-code-3.76.1/out/dist/extension.js:13823:22)
	at Object.<anonymous> (/home/hanasa/.vscode/extensions/dart-code.dart-code-3.76.1/out/dist/extension.js:13805:9)
	at Generator.next (<anonymous>)
	at /home/hanasa/.vscode/extensions/dart-code.dart-code-3.76.1/out/dist/extension.js:12951:71
	at new Promise (<anonymous>)
	at __webpack_modules__.1892.__awaiter (/home/hanasa/.vscode/extensions/dart-code.dart-code-3.76.1/out/dist/extension.js:12947:12)
	at Object.deactivate (/home/hanasa/.vscode/extensions/dart-code.dart-code-3.76.1/out/dist/extension.js:13804:12)
	at h.cb (/opt/visual-studio-code/resources/app/out/vs/workbench/api/node/extensionHostProcess.js:136:9648)
	at /opt/visual-studio-code/resources/app/out/vs/workbench/api/node/extensionHostProcess.js:136:7793
	at Array.map (<anonymous>)
	at h.Y (/opt/visual-studio-code/resources/app/out/vs/workbench/api/node/extensionHostProcess.js:136:7781)
	at h.terminate (/opt/visual-studio-code/resources/app/out/vs/workbench/api/node/extensionHostProcess.js:136:8051)
	at o.terminate (/opt/visual-studio-code/resources/app/out/vs/workbench/api/node/extensionHostProcess.js:140:1513)
	at a (/opt/visual-studio-code/resources/app/out/vs/workbench/api/node/extensionHostProcess.js:153:9817)
	at MessagePortMain.<anonymous> (/opt/visual-studio-code/resources/app/out/vs/workbench/api/node/extensionHostProcess.js:153:6242)
	at MessagePortMain.emit (node:events:513:28)
	at MessagePortMain._internalPort.emit (node:electron/js2c/utility_init:2:367) setContext undefined
2023-11-13 01:10:11.216 [error] Canceled: Canceled
	at new f (/opt/visual-studio-code/resources/app/out/vs/workbench/api/node/extensionHostProcess.js:125:108614)
	at n.U (/opt/visual-studio-code/resources/app/out/vs/workbench/api/node/extensionHostProcess.js:134:10873)
	at F.<computed>.z.charCodeAt.F.<computed> (/opt/visual-studio-code/resources/app/out/vs/workbench/api/node/extensionHostProcess.js:134:8315)
	at i.g (/opt/visual-studio-code/resources/app/out/vs/workbench/api/node/extensionHostProcess.js:125:139130)
	at i.executeCommand (/opt/visual-studio-code/resources/app/out/vs/workbench/api/node/extensionHostProcess.js:125:138568)
	at $.registerCommand.description (/opt/visual-studio-code/resources/app/out/vs/workbench/api/node/extensionHostProcess.js:125:137892)
	at i.h (/opt/visual-studio-code/resources/app/out/vs/workbench/api/node/extensionHostProcess.js:125:139669)
	at i.g (/opt/visual-studio-code/resources/app/out/vs/workbench/api/node/extensionHostProcess.js:125:138661)
	at i.executeCommand (/opt/visual-studio-code/resources/app/out/vs/workbench/api/node/extensionHostProcess.js:125:138568)
	at Object.executeCommand (/opt/visual-studio-code/resources/app/out/vs/workbench/api/node/extensionHostProcess.js:140:21329)
	at setCommandVisiblity (/home/hanasa/.vscode/extensions/dart-code.dart-code-3.76.1/out/dist/extension.js:13824:22)
	at Object.<anonymous> (/home/hanasa/.vscode/extensions/dart-code.dart-code-3.76.1/out/dist/extension.js:13805:9)
	at Generator.next (<anonymous>)
	at /home/hanasa/.vscode/extensions/dart-code.dart-code-3.76.1/out/dist/extension.js:12951:71
	at new Promise (<anonymous>)
	at __webpack_modules__.1892.__awaiter (/home/hanasa/.vscode/extensions/dart-code.dart-code-3.76.1/out/dist/extension.js:12947:12)
	at Object.deactivate (/home/hanasa/.vscode/extensions/dart-code.dart-code-3.76.1/out/dist/extension.js:13804:12)
	at h.cb (/opt/visual-studio-code/resources/app/out/vs/workbench/api/node/extensionHostProcess.js:136:9648)
	at /opt/visual-studio-code/resources/app/out/vs/workbench/api/node/extensionHostProcess.js:136:7793
	at Array.map (<anonymous>)
	at h.Y (/opt/visual-studio-code/resources/app/out/vs/workbench/api/node/extensionHostProcess.js:136:7781)
	at h.terminate (/opt/visual-studio-code/resources/app/out/vs/workbench/api/node/extensionHostProcess.js:136:8051)
	at o.terminate (/opt/visual-studio-code/resources/app/out/vs/workbench/api/node/extensionHostProcess.js:140:1513)
	at a (/opt/visual-studio-code/resources/app/out/vs/workbench/api/node/extensionHostProcess.js:153:9817)
	at MessagePortMain.<anonymous> (/opt/visual-studio-code/resources/app/out/vs/workbench/api/node/extensionHostProcess.js:153:6242)
	at MessagePortMain.emit (node:events:513:28)
	at MessagePortMain._internalPort.emit (node:electron/js2c/utility_init:2:367) setContext undefined
2023-11-13 01:10:11.216 [error] Canceled: Canceled
	at new f (/opt/visual-studio-code/resources/app/out/vs/workbench/api/node/extensionHostProcess.js:125:108614)
	at n.U (/opt/visual-studio-code/resources/app/out/vs/workbench/api/node/extensionHostProcess.js:134:10873)
	at F.<computed>.z.charCodeAt.F.<computed> (/opt/visual-studio-code/resources/app/out/vs/workbench/api/node/extensionHostProcess.js:134:8315)
	at i.g (/opt/visual-studio-code/resources/app/out/vs/workbench/api/node/extensionHostProcess.js:125:139130)
	at i.executeCommand (/opt/visual-studio-code/resources/app/out/vs/workbench/api/node/extensionHostProcess.js:125:138568)
	at $.registerCommand.description (/opt/visual-studio-code/resources/app/out/vs/workbench/api/node/extensionHostProcess.js:125:137892)
	at i.h (/opt/visual-studio-code/resources/app/out/vs/workbench/api/node/extensionHostProcess.js:125:139669)
	at i.g (/opt/visual-studio-code/resources/app/out/vs/workbench/api/node/extensionHostProcess.js:125:138661)
	at i.executeCommand (/opt/visual-studio-code/resources/app/out/vs/workbench/api/node/extensionHostProcess.js:125:138568)
	at Object.executeCommand (/opt/visual-studio-code/resources/app/out/vs/workbench/api/node/extensionHostProcess.js:140:21329)
	at setCommandVisiblity (/home/hanasa/.vscode/extensions/dart-code.dart-code-3.76.1/out/dist/extension.js:13825:22)
	at Object.<anonymous> (/home/hanasa/.vscode/extensions/dart-code.dart-code-3.76.1/out/dist/extension.js:13805:9)
	at Generator.next (<anonymous>)
	at /home/hanasa/.vscode/extensions/dart-code.dart-code-3.76.1/out/dist/extension.js:12951:71
	at new Promise (<anonymous>)
	at __webpack_modules__.1892.__awaiter (/home/hanasa/.vscode/extensions/dart-code.dart-code-3.76.1/out/dist/extension.js:12947:12)
	at Object.deactivate (/home/hanasa/.vscode/extensions/dart-code.dart-code-3.76.1/out/dist/extension.js:13804:12)
	at h.cb (/opt/visual-studio-code/resources/app/out/vs/workbench/api/node/extensionHostProcess.js:136:9648)
	at /opt/visual-studio-code/resources/app/out/vs/workbench/api/node/extensionHostProcess.js:136:7793
	at Array.map (<anonymous>)
	at h.Y (/opt/visual-studio-code/resources/app/out/vs/workbench/api/node/extensionHostProcess.js:136:7781)
	at h.terminate (/opt/visual-studio-code/resources/app/out/vs/workbench/api/node/extensionHostProcess.js:136:8051)
	at o.terminate (/opt/visual-studio-code/resources/app/out/vs/workbench/api/node/extensionHostProcess.js:140:1513)
	at a (/opt/visual-studio-code/resources/app/out/vs/workbench/api/node/extensionHostProcess.js:153:9817)
	at MessagePortMain.<anonymous> (/opt/visual-studio-code/resources/app/out/vs/workbench/api/node/extensionHostProcess.js:153:6242)
	at MessagePortMain.emit (node:events:513:28)
	at MessagePortMain._internalPort.emit (node:electron/js2c/utility_init:2:367) setContext undefined
2023-11-13 01:10:11.217 [error] Canceled: Canceled
	at new f (/opt/visual-studio-code/resources/app/out/vs/workbench/api/node/extensionHostProcess.js:125:108614)
	at n.U (/opt/visual-studio-code/resources/app/out/vs/workbench/api/node/extensionHostProcess.js:134:10873)
	at F.<computed>.z.charCodeAt.F.<computed> (/opt/visual-studio-code/resources/app/out/vs/workbench/api/node/extensionHostProcess.js:134:8315)
	at i.g (/opt/visual-studio-code/resources/app/out/vs/workbench/api/node/extensionHostProcess.js:125:139130)
	at i.executeCommand (/opt/visual-studio-code/resources/app/out/vs/workbench/api/node/extensionHostProcess.js:125:138568)
	at $.registerCommand.description (/opt/visual-studio-code/resources/app/out/vs/workbench/api/node/extensionHostProcess.js:125:137892)
	at i.h (/opt/visual-studio-code/resources/app/out/vs/workbench/api/node/extensionHostProcess.js:125:139669)
	at i.g (/opt/visual-studio-code/resources/app/out/vs/workbench/api/node/extensionHostProcess.js:125:138661)
	at i.executeCommand (/opt/visual-studio-code/resources/app/out/vs/workbench/api/node/extensionHostProcess.js:125:138568)
	at Object.executeCommand (/opt/visual-studio-code/resources/app/out/vs/workbench/api/node/extensionHostProcess.js:140:21329)
	at setCommandVisiblity (/home/hanasa/.vscode/extensions/dart-code.dart-code-3.76.1/out/dist/extension.js:13826:22)
	at Object.<anonymous> (/home/hanasa/.vscode/extensions/dart-code.dart-code-3.76.1/out/dist/extension.js:13805:9)
	at Generator.next (<anonymous>)
	at /home/hanasa/.vscode/extensions/dart-code.dart-code-3.76.1/out/dist/extension.js:12951:71
	at new Promise (<anonymous>)
	at __webpack_modules__.1892.__awaiter (/home/hanasa/.vscode/extensions/dart-code.dart-code-3.76.1/out/dist/extension.js:12947:12)
	at Object.deactivate (/home/hanasa/.vscode/extensions/dart-code.dart-code-3.76.1/out/dist/extension.js:13804:12)
	at h.cb (/opt/visual-studio-code/resources/app/out/vs/workbench/api/node/extensionHostProcess.js:136:9648)
	at /opt/visual-studio-code/resources/app/out/vs/workbench/api/node/extensionHostProcess.js:136:7793
	at Array.map (<anonymous>)
	at h.Y (/opt/visual-studio-code/resources/app/out/vs/workbench/api/node/extensionHostProcess.js:136:7781)
	at h.terminate (/opt/visual-studio-code/resources/app/out/vs/workbench/api/node/extensionHostProcess.js:136:8051)
	at o.terminate (/opt/visual-studio-code/resources/app/out/vs/workbench/api/node/extensionHostProcess.js:140:1513)
	at a (/opt/visual-studio-code/resources/app/out/vs/workbench/api/node/extensionHostProcess.js:153:9817)
	at MessagePortMain.<anonymous> (/opt/visual-studio-code/resources/app/out/vs/workbench/api/node/extensionHostProcess.js:153:6242)
	at MessagePortMain.emit (node:events:513:28)
	at MessagePortMain._internalPort.emit (node:electron/js2c/utility_init:2:367) setContext undefined
2023-11-13 01:10:11.218 [error] Error: ENOENT: no such file or directory, open '/home/hanasa/.config/Code/User/globalStorage/vscodevim.vim/.registers'
2023-11-13 01:10:11.221 [error] Canceled: Canceled
	at new f (/opt/visual-studio-code/resources/app/out/vs/workbench/api/node/extensionHostProcess.js:125:108614)
	at n.U (/opt/visual-studio-code/resources/app/out/vs/workbench/api/node/extensionHostProcess.js:134:10873)
	at F.<computed>.z.charCodeAt.F.<computed> (/opt/visual-studio-code/resources/app/out/vs/workbench/api/node/extensionHostProcess.js:134:8315)
	at i.g (/opt/visual-studio-code/resources/app/out/vs/workbench/api/node/extensionHostProcess.js:125:139130)
	at i.executeCommand (/opt/visual-studio-code/resources/app/out/vs/workbench/api/node/extensionHostProcess.js:125:138568)
	at $.registerCommand.description (/opt/visual-studio-code/resources/app/out/vs/workbench/api/node/extensionHostProcess.js:125:137892)
	at i.h (/opt/visual-studio-code/resources/app/out/vs/workbench/api/node/extensionHostProcess.js:125:139669)
	at i.g (/opt/visual-studio-code/resources/app/out/vs/workbench/api/node/extensionHostProcess.js:125:138661)
	at i.executeCommand (/opt/visual-studio-code/resources/app/out/vs/workbench/api/node/extensionHostProcess.js:125:138568)
	at Object.executeCommand (/opt/visual-studio-code/resources/app/out/vs/workbench/api/node/extensionHostProcess.js:140:21329)
	at Object.<anonymous> (/home/hanasa/.vscode/extensions/dart-code.dart-code-3.76.1/out/dist/extension.js:13812:26)
	at Generator.next (<anonymous>)
	at fulfilled (/home/hanasa/.vscode/extensions/dart-code.dart-code-3.76.1/out/dist/extension.js:12948:58) setContext undefined
2023-11-13 01:10:11.222 [error] Canceled: Canceled
	at new f (/opt/visual-studio-code/resources/app/out/vs/workbench/api/node/extensionHostProcess.js:125:108614)
	at n.U (/opt/visual-studio-code/resources/app/out/vs/workbench/api/node/extensionHostProcess.js:134:10873)
	at F.<computed>.z.charCodeAt.F.<computed> (/opt/visual-studio-code/resources/app/out/vs/workbench/api/node/extensionHostProcess.js:134:8315)
	at i.g (/opt/visual-studio-code/resources/app/out/vs/workbench/api/node/extensionHostProcess.js:125:139130)
	at i.executeCommand (/opt/visual-studio-code/resources/app/out/vs/workbench/api/node/extensionHostProcess.js:125:138568)
	at $.registerCommand.description (/opt/visual-studio-code/resources/app/out/vs/workbench/api/node/extensionHostProcess.js:125:137892)
	at i.h (/opt/visual-studio-code/resources/app/out/vs/workbench/api/node/extensionHostProcess.js:125:139669)
	at i.g (/opt/visual-studio-code/resources/app/out/vs/workbench/api/node/extensionHostProcess.js:125:138661)
	at i.executeCommand (/opt/visual-studio-code/resources/app/out/vs/workbench/api/node/extensionHostProcess.js:125:138568)
	at Object.executeCommand (/opt/visual-studio-code/resources/app/out/vs/workbench/api/node/extensionHostProcess.js:140:21329)
	at Object.<anonymous> (/home/hanasa/.vscode/extensions/dart-code.dart-code-3.76.1/out/dist/extension.js:13814:30)
	at Generator.next (<anonymous>)
	at fulfilled (/home/hanasa/.vscode/extensions/dart-code.dart-code-3.76.1/out/dist/extension.js:12948:58) setContext undefined
2023-11-13 01:10:11.222 [error] Canceled: Canceled
	at new f (/opt/visual-studio-code/resources/app/out/vs/workbench/api/node/extensionHostProcess.js:125:108614)
	at n.U (/opt/visual-studio-code/resources/app/out/vs/workbench/api/node/extensionHostProcess.js:134:10873)
	at F.<computed>.z.charCodeAt.F.<computed> (/opt/visual-studio-code/resources/app/out/vs/workbench/api/node/extensionHostProcess.js:134:8315)
	at i.g (/opt/visual-studio-code/resources/app/out/vs/workbench/api/node/extensionHostProcess.js:125:139130)
	at i.executeCommand (/opt/visual-studio-code/resources/app/out/vs/workbench/api/node/extensionHostProcess.js:125:138568)
	at $.registerCommand.description (/opt/visual-studio-code/resources/app/out/vs/workbench/api/node/extensionHostProcess.js:125:137892)
	at i.h (/opt/visual-studio-code/resources/app/out/vs/workbench/api/node/extensionHostProcess.js:125:139669)
	at i.g (/opt/visual-studio-code/resources/app/out/vs/workbench/api/node/extensionHostProcess.js:125:138661)
	at i.executeCommand (/opt/visual-studio-code/resources/app/out/vs/workbench/api/node/extensionHostProcess.js:125:138568)
	at Object.executeCommand (/opt/visual-studio-code/resources/app/out/vs/workbench/api/node/extensionHostProcess.js:140:21329)
	at Object.<anonymous> (/home/hanasa/.vscode/extensions/dart-code.dart-code-3.76.1/out/dist/extension.js:13815:30)
	at Generator.next (<anonymous>)
	at fulfilled (/home/hanasa/.vscode/extensions/dart-code.dart-code-3.76.1/out/dist/extension.js:12948:58) setContext undefined
2023-11-13 01:10:11.222 [info] Extension host with pid 115252 exiting with code 0
