2023-11-13 01:15:13.254 [info] Added views:workbench.panel.markers.view in workbench.panel.markers
2023-11-13 01:15:13.254 [info] Added views:workbench.panel.output in workbench.panel.output
2023-11-13 01:15:13.254 [info] Added views:terminal in terminal
2023-11-13 01:15:13.254 [info] Added views:outline in workbench.view.explorer
2023-11-13 01:15:13.254 [info] Added views:workbench.scm in workbench.view.scm
2023-11-13 01:15:13.254 [info] Added views:workbench.view.search in workbench.view.search
2023-11-13 01:15:13.254 [info] Added views:timeline in workbench.view.explorer
2023-11-13 01:15:13.254 [info] Added views:workbench.explorer.fileView in workbench.view.explorer
2023-11-13 01:15:13.744 [info] Added views:workbench.debug.welcome in workbench.view.debug
2023-11-13 01:15:15.208 [info] Added views:workbench.panel.repl.view in workbench.panel.repl
2023-11-13 01:15:15.660 [info] Added views:workbench.view.testing in workbench.view.extension.test
2023-11-13 01:15:15.980 [info] Added views:dartDependencyTree in workbench.view.explorer
2023-11-13 01:15:16.038 [info] Added views:dartFlutterOutline in workbench.view.extension.flutter
2023-11-13 01:15:24.186 [info] Added views:~remote.forwardedPorts in ~remote.forwardedPortsContainer
2023-11-13 01:34:22.665 [info] Added views:workbench.debug.breakPointsView in workbench.view.debug
2023-11-13 01:34:23.365 [info] Removed views:workbench.debug.welcome from workbench.view.debug
2023-11-13 01:34:23.408 [info] Added views:workbench.debug.variablesView,workbench.debug.watchExpressionsView,workbench.debug.callStackView in workbench.view.debug
2023-11-13 01:34:46.765 [info] Added views:workbench.views.extensions.installed,workbench.views.extensions.popular,extensions.recommendedList in workbench.view.extensions
2023-11-13 01:34:46.796 [info] Removed views:workbench.views.extensions.popular from workbench.view.extensions
2023-11-13 01:34:57.501 [info] Removed views:workbench.debug.callStackView,workbench.debug.watchExpressionsView,workbench.debug.variablesView from workbench.view.debug
2023-11-13 01:34:57.527 [info] Added views:workbench.debug.welcome in workbench.view.debug
2023-11-13 01:36:52.801 [info] Removed views:extensions.recommendedList,workbench.views.extensions.installed from workbench.view.extensions
2023-11-13 01:36:52.819 [info] Added views:workbench.views.extensions.marketplace in workbench.view.extensions
2023-11-13 01:37:47.382 [info] Removed views:workbench.view.testing from workbench.view.extension.test
