2023-11-13 01:15:24.301 [info] Configuration changed
2023-11-13 01:15:24.650 [info] Configuration changed
2023-11-13 01:15:24.922 [info] Configuration changed
2023-11-13 01:15:25.551 [info] Active editor: output:extension-output-Dart-Code.dart-code-%232-flutter%20%28happy_birthday%29
2023-11-13 01:18:37.236 [info] Active editor: file:///home/hanasa/AndroidStudioProjects/happy_birthday/lib/main.dart
2023-11-13 01:18:37.749 [info] Active editor: output:extension-output-Dart-Code.dart-code-%232-flutter%20%28happy_birthday%29
2023-11-13 01:18:40.651 [info] Active editor: file:///home/hanasa/AndroidStudioProjects/happy_birthday/lib/main.dart
2023-11-13 01:18:40.683 [info] extension-output-Dart-Code.dart-code-#2-flutter (happy_birthday) closed
2023-11-13 01:19:29.560 [info] /home/hanasa/.config/Code/User/settings.json closed
2023-11-13 01:19:29.804 [info] Configuration changed
2023-11-13 01:19:31.486 [info] Active editor: file:///home/hanasa/AndroidStudioProjects/happy_birthday/lib/main.dart
2023-11-13 01:19:43.925 [info] Active editor: file:///home/hanasa/AndroidStudioProjects/happy_birthday/lib/main.dart
2023-11-13 01:20:48.304 [info] Active editor: file:///home/hanasa/.config/kitty/kitty.conf
2023-11-13 01:21:29.308 [info] /home/hanasa/.config/Code/User/settings.json closed
2023-11-13 01:21:29.347 [info] Configuration changed
2023-11-13 01:21:31.567 [info] /home/hanasa/.config/Code/User/settings.json closed
2023-11-13 01:21:31.590 [info] Configuration changed
2023-11-13 01:21:35.063 [info] /home/hanasa/.config/Code/User/settings.json closed
2023-11-13 01:21:35.091 [info] Configuration changed
2023-11-13 01:21:39.681 [info] /home/hanasa/.config/Code/User/settings.json closed
2023-11-13 01:21:39.708 [info] Configuration changed
2023-11-13 01:21:41.372 [info] /home/hanasa/.config/Code/User/settings.json closed
2023-11-13 01:21:41.417 [info] Configuration changed
2023-11-13 01:21:43.304 [info] /home/hanasa/.config/Code/User/settings.json closed
2023-11-13 01:21:43.351 [info] Configuration changed
2023-11-13 01:21:55.070 [info] /home/hanasa/.config/Code/User/settings.json closed
2023-11-13 01:21:55.105 [info] Configuration changed
2023-11-13 01:22:00.417 [info] /home/hanasa/.config/Code/User/settings.json closed
2023-11-13 01:22:00.460 [info] Configuration changed
2023-11-13 01:22:09.934 [info] /home/hanasa/.config/Code/User/settings.json closed
2023-11-13 01:22:09.984 [info] Configuration changed
2023-11-13 01:22:39.849 [info] Active editor: file:///home/hanasa/.config/kitty/kitty.conf
2023-11-13 01:22:49.870 [info] /home/hanasa/.config/kitty/kitty.conf closed
2023-11-13 01:22:49.888 [info] Active editor: file:///home/hanasa/AndroidStudioProjects/happy_birthday/lib/main.dart
2023-11-13 01:32:40.151 [info] Active editor: vscode-userdata:/home/hanasa/.config/Code/User/settings.json
2023-11-13 01:33:01.570 [info] Configuration changed
2023-11-13 01:34:13.072 [info] Active editor: file:///home/hanasa/AndroidStudioProjects/happy_birthday/lib/main.dart
2023-11-13 01:34:18.920 [info] /home/hanasa/.config/Code/User/settings.json closed
2023-11-13 01:35:40.338 [info] /settings/user closed
2023-11-13 01:35:40.690 [info] /settings/resourceLanguage closed
2023-11-13 01:35:40.693 [info] /ignoredSettings closed
2023-11-13 01:35:40.854 [info] /launch closed
2023-11-13 01:35:40.856 [info] /token-styling closed
2023-11-13 01:35:40.858 [info] /textmate-colors closed
2023-11-13 01:35:40.873 [info] /workbench-colors closed
2023-11-13 01:35:51.031 [info] /home/hanasa/.config/Code/User/settings.json closed
2023-11-13 01:35:51.090 [info] Configuration changed
2023-11-13 01:36:56.146 [info] /home/hanasa/AndroidStudioProjects/happy_birthday/lib/main.dart closed
2023-11-13 01:37:06.844 [info] Configuration changed
2023-11-13 01:37:34.037 [info] /home/hanasa/.config/Code/User/settings.json closed
2023-11-13 01:37:34.096 [info] Configuration changed
2023-11-13 01:37:41.594 [info] /home/hanasa/.config/Code/User/settings.json closed
2023-11-13 01:37:41.616 [info] Configuration changed
